{
  "/Users/chencheng/Code/github.com/umijs/plugins/packages/@umijs/plugin-prerender/src/index.ts": {
    "path": "/Users/chencheng/Code/github.com/umijs/plugins/packages/@umijs/plugin-prerender/src/index.ts",
    "statementMap": {
      "0": {
        "start": { "line": 7, "column": 35 },
        "end": { "line": 20, "column": 1 }
      },
      "1": {
        "start": { "line": 8, "column": 2 },
        "end": { "line": 19, "column": 4 }
      },
      "2": {
        "start": { "line": 11, "column": 6 },
        "end": { "line": 16, "column": 7 }
      },
      "3": {
        "start": { "line": 12, "column": 8 },
        "end": { "line": 12, "column": 30 }
      },
      "4": {
        "start": { "line": 13, "column": 8 },
        "end": { "line": 15, "column": 9 }
      },
      "5": {
        "start": { "line": 14, "column": 10 },
        "end": { "line": 14, "column": 67 }
      },
      "6": {
        "start": { "line": 17, "column": 6 },
        "end": { "line": 17, "column": 18 }
      },
      "7": {
        "start": { "line": 30, "column": 21 },
        "end": { "line": 36, "column": 1 }
      },
      "8": {
        "start": { "line": 31, "column": 2 },
        "end": { "line": 31, "column": 30 }
      },
      "9": {
        "start": { "line": 32, "column": 2 },
        "end": { "line": 32, "column": 32 }
      },
      "10": {
        "start": { "line": 33, "column": 2 },
        "end": { "line": 33, "column": 45 }
      },
      "11": {
        "start": { "line": 34, "column": 2 },
        "end": { "line": 34, "column": 47 }
      },
      "12": {
        "start": { "line": 35, "column": 2 },
        "end": { "line": 35, "column": 53 }
      },
      "13": {
        "start": { "line": 39, "column": 43 },
        "end": { "line": 39, "column": 46 }
      },
      "14": {
        "start": { "line": 40, "column": 27 },
        "end": { "line": 40, "column": 37 }
      },
      "15": {
        "start": { "line": 41, "column": 28 },
        "end": { "line": 41, "column": 33 }
      },
      "16": {
        "start": { "line": 42, "column": 2 },
        "end": { "line": 44, "column": 3 }
      },
      "17": {
        "start": { "line": 43, "column": 4 },
        "end": { "line": 43, "column": 85 }
      },
      "18": {
        "start": { "line": 47, "column": 2 },
        "end": { "line": 85, "column": 5 }
      },
      "19": {
        "start": { "line": 48, "column": 26 },
        "end": { "line": 48, "column": 36 }
      },
      "20": {
        "start": { "line": 50, "column": 4 },
        "end": { "line": 50, "column": 19 }
      },
      "21": {
        "start": { "line": 53, "column": 26 },
        "end": { "line": 53, "column": 61 }
      },
      "22": {
        "start": { "line": 54, "column": 4 },
        "end": { "line": 56, "column": 5 }
      },
      "23": {
        "start": { "line": 55, "column": 6 },
        "end": { "line": 55, "column": 55 }
      },
      "24": {
        "start": { "line": 57, "column": 25 },
        "end": { "line": 57, "column": 47 }
      },
      "25": {
        "start": { "line": 59, "column": 33 },
        "end": { "line": 59, "column": 63 }
      },
      "26": {
        "start": { "line": 62, "column": 24 },
        "end": { "line": 62, "column": 74 }
      },
      "27": {
        "start": { "line": 62, "column": 50 },
        "end": { "line": 62, "column": 73 }
      },
      "28": {
        "start": { "line": 63, "column": 4 },
        "end": { "line": 63, "column": 51 }
      },
      "29": {
        "start": { "line": 65, "column": 4 },
        "end": { "line": 84, "column": 5 }
      },
      "30": {
        "start": { "line": 66, "column": 18 },
        "end": { "line": 74, "column": 7 }
      },
      "31": {
        "start": { "line": 76, "column": 33 },
        "end": { "line": 76, "column": 45 }
      },
      "32": {
        "start": { "line": 77, "column": 6 },
        "end": { "line": 77, "column": 60 }
      },
      "33": {
        "start": { "line": 78, "column": 30 },
        "end": { "line": 78, "column": 61 }
      },
      "34": {
        "start": { "line": 79, "column": 22 },
        "end": { "line": 79, "column": 64 }
      },
      "35": {
        "start": { "line": 81, "column": 30 },
        "end": { "line": 81, "column": 59 }
      },
      "36": {
        "start": { "line": 82, "column": 6 },
        "end": { "line": 82, "column": 35 }
      },
      "37": {
        "start": { "line": 83, "column": 6 },
        "end": { "line": 83, "column": 74 }
      }
    },
    "fnMap": {
      "0": {
        "name": "(anonymous_0)",
        "decl": {
          "start": { "line": 7, "column": 35 },
          "end": { "line": 7, "column": 36 }
        },
        "loc": {
          "start": { "line": 7, "column": 50 },
          "end": { "line": 20, "column": 1 }
        },
        "line": 7
      },
      "1": {
        "name": "(anonymous_1)",
        "decl": {
          "start": { "line": 9, "column": 18 },
          "end": { "line": 9, "column": 19 }
        },
        "loc": {
          "start": { "line": 9, "column": 35 },
          "end": { "line": 18, "column": 5 }
        },
        "line": 9
      },
      "2": {
        "name": "(anonymous_2)",
        "decl": {
          "start": { "line": 30, "column": 21 },
          "end": { "line": 30, "column": 22 }
        },
        "loc": {
          "start": { "line": 30, "column": 27 },
          "end": { "line": 36, "column": 1 }
        },
        "line": 30
      },
      "3": {
        "name": "(anonymous_3)",
        "decl": {
          "start": { "line": 38, "column": 15 },
          "end": { "line": 38, "column": 16 }
        },
        "loc": {
          "start": { "line": 38, "column": 43 },
          "end": { "line": 86, "column": 1 }
        },
        "line": 38
      },
      "4": {
        "name": "(anonymous_4)",
        "decl": {
          "start": { "line": 47, "column": 26 },
          "end": { "line": 47, "column": 27 }
        },
        "loc": {
          "start": { "line": 47, "column": 38 },
          "end": { "line": 85, "column": 3 }
        },
        "line": 47
      },
      "5": {
        "name": "(anonymous_5)",
        "decl": {
          "start": { "line": 62, "column": 42 },
          "end": { "line": 62, "column": 43 }
        },
        "loc": {
          "start": { "line": 62, "column": 50 },
          "end": { "line": 62, "column": 73 }
        },
        "line": 62
      }
    },
    "branchMap": {
      "0": {
        "loc": {
          "start": { "line": 11, "column": 6 },
          "end": { "line": 16, "column": 7 }
        },
        "type": "if",
        "locations": [
          {
            "start": { "line": 11, "column": 6 },
            "end": { "line": 16, "column": 7 }
          },
          {
            "start": { "line": 11, "column": 6 },
            "end": { "line": 16, "column": 7 }
          }
        ],
        "line": 11
      },
      "1": {
        "loc": {
          "start": { "line": 11, "column": 10 },
          "end": { "line": 11, "column": 54 }
        },
        "type": "binary-expr",
        "locations": [
          {
            "start": { "line": 11, "column": 10 },
            "end": { "line": 11, "column": 20 }
          },
          {
            "start": { "line": 11, "column": 24 },
            "end": { "line": 11, "column": 54 }
          }
        ],
        "line": 11
      },
      "2": {
        "loc": {
          "start": { "line": 13, "column": 8 },
          "end": { "line": 15, "column": 9 }
        },
        "type": "if",
        "locations": [
          {
            "start": { "line": 13, "column": 8 },
            "end": { "line": 15, "column": 9 }
          },
          {
            "start": { "line": 13, "column": 8 },
            "end": { "line": 15, "column": 9 }
          }
        ],
        "line": 13
      },
      "3": {
        "loc": {
          "start": { "line": 40, "column": 10 },
          "end": { "line": 40, "column": 22 }
        },
        "type": "default-arg",
        "locations": [
          {
            "start": { "line": 40, "column": 20 },
            "end": { "line": 40, "column": 22 }
          }
        ],
        "line": 40
      },
      "4": {
        "loc": {
          "start": { "line": 40, "column": 27 },
          "end": { "line": 40, "column": 37 }
        },
        "type": "binary-expr",
        "locations": [
          {
            "start": { "line": 40, "column": 27 },
            "end": { "line": 40, "column": 31 }
          },
          {
            "start": { "line": 40, "column": 35 },
            "end": { "line": 40, "column": 37 }
          }
        ],
        "line": 40
      },
      "5": {
        "loc": {
          "start": { "line": 42, "column": 2 },
          "end": { "line": 44, "column": 3 }
        },
        "type": "if",
        "locations": [
          {
            "start": { "line": 42, "column": 2 },
            "end": { "line": 44, "column": 3 }
          },
          {
            "start": { "line": 42, "column": 2 },
            "end": { "line": 44, "column": 3 }
          }
        ],
        "line": 42
      },
      "6": {
        "loc": {
          "start": { "line": 54, "column": 4 },
          "end": { "line": 56, "column": 5 }
        },
        "type": "if",
        "locations": [
          {
            "start": { "line": 54, "column": 4 },
            "end": { "line": 56, "column": 5 }
          },
          {
            "start": { "line": 54, "column": 4 },
            "end": { "line": 56, "column": 5 }
          }
        ],
        "line": 54
      }
    },
    "s": {
      "0": 1,
      "1": 6,
      "2": 10,
      "3": 9,
      "4": 9,
      "5": 3,
      "6": 10,
      "7": 1,
      "8": 2,
      "9": 2,
      "10": 2,
      "11": 2,
      "12": 2,
      "13": 3,
      "14": 3,
      "15": 3,
      "16": 3,
      "17": 1,
      "18": 2,
      "19": 2,
      "20": 2,
      "21": 2,
      "22": 2,
      "23": 0,
      "24": 2,
      "25": 2,
      "26": 2,
      "27": 4,
      "28": 2,
      "29": 2,
      "30": 3,
      "31": 3,
      "32": 3,
      "33": 3,
      "34": 3,
      "35": 3,
      "36": 3,
      "37": 3
    },
    "f": { "0": 6, "1": 10, "2": 2, "3": 3, "4": 2, "5": 4 },
    "b": {
      "0": [9, 1],
      "1": [10, 10],
      "2": [3, 6],
      "3": [2],
      "4": [3, 2],
      "5": [1, 2],
      "6": [0, 2]
    },
    "_coverageSchema": "43e27e138ebf9cfc5966b082cf9a028302ed4184",
    "hash": "fdeab1f651f9671cfb3ccb913d41432c5e9ae06a"
  },
  "/Users/chencheng/Code/github.com/umijs/plugins/packages/@umijs/plugin-prerender/test/examples/umi.server.js": {
    "path": "/Users/chencheng/Code/github.com/umijs/plugins/packages/@umijs/plugin-prerender/test/examples/umi.server.js",
    "statementMap": {
      "0": {
        "start": { "line": 5, "column": 18 },
        "end": { "line": 11, "column": 1 }
      },
      "1": {
        "start": { "line": 6, "column": 18 },
        "end": { "line": 9, "column": 3 }
      },
      "2": {
        "start": { "line": 10, "column": 2 },
        "end": { "line": 10, "column": 27 }
      },
      "3": {
        "start": { "line": 13, "column": 21 },
        "end": { "line": 24, "column": 1 }
      },
      "4": {
        "start": { "line": 14, "column": 19 },
        "end": { "line": 14, "column": 30 }
      },
      "5": {
        "start": { "line": 15, "column": 22 },
        "end": { "line": 15, "column": 50 }
      },
      "6": {
        "start": { "line": 16, "column": 14 },
        "end": { "line": 16, "column": 16 }
      },
      "7": {
        "start": { "line": 17, "column": 2 },
        "end": { "line": 19, "column": 3 }
      },
      "8": {
        "start": { "line": 18, "column": 4 },
        "end": { "line": 18, "column": 42 }
      },
      "9": {
        "start": { "line": 20, "column": 2 },
        "end": { "line": 23, "column": 4 }
      },
      "10": {
        "start": { "line": 25, "column": 23 },
        "end": { "line": 25, "column": 50 }
      }
    },
    "fnMap": {
      "0": {
        "name": "(anonymous_0)",
        "decl": {
          "start": { "line": 5, "column": 18 },
          "end": { "line": 5, "column": 19 }
        },
        "loc": {
          "start": { "line": 5, "column": 30 },
          "end": { "line": 11, "column": 1 }
        },
        "line": 5
      },
      "1": {
        "name": "(anonymous_1)",
        "decl": {
          "start": { "line": 13, "column": 21 },
          "end": { "line": 13, "column": 22 }
        },
        "loc": {
          "start": { "line": 13, "column": 28 },
          "end": { "line": 24, "column": 1 }
        },
        "line": 13
      }
    },
    "branchMap": {
      "0": {
        "loc": {
          "start": { "line": 15, "column": 22 },
          "end": { "line": 15, "column": 50 }
        },
        "type": "binary-expr",
        "locations": [
          {
            "start": { "line": 15, "column": 22 },
            "end": { "line": 15, "column": 41 }
          },
          {
            "start": { "line": 15, "column": 45 },
            "end": { "line": 15, "column": 50 }
          }
        ],
        "line": 15
      },
      "1": {
        "loc": {
          "start": { "line": 17, "column": 2 },
          "end": { "line": 19, "column": 3 }
        },
        "type": "if",
        "locations": [
          {
            "start": { "line": 17, "column": 2 },
            "end": { "line": 19, "column": 3 }
          },
          {
            "start": { "line": 17, "column": 2 },
            "end": { "line": 19, "column": 3 }
          }
        ],
        "line": 17
      },
      "2": {
        "loc": {
          "start": { "line": 17, "column": 6 },
          "end": { "line": 17, "column": 48 }
        },
        "type": "binary-expr",
        "locations": [
          {
            "start": { "line": 17, "column": 6 },
            "end": { "line": 17, "column": 17 }
          },
          {
            "start": { "line": 17, "column": 21 },
            "end": { "line": 17, "column": 48 }
          }
        ],
        "line": 17
      }
    },
    "s": {
      "0": 1,
      "1": 3,
      "2": 3,
      "3": 1,
      "4": 3,
      "5": 3,
      "6": 3,
      "7": 3,
      "8": 3,
      "9": 3,
      "10": 1
    },
    "f": { "0": 3, "1": 3 },
    "b": { "0": [3, 0], "1": [3, 0], "2": [3, 3] },
    "_coverageSchema": "43e27e138ebf9cfc5966b082cf9a028302ed4184",
    "hash": "8e4ec7795926b993ceaa11a65fa7f22d0e339941"
  },
  "/Users/chencheng/Code/github.com/umijs/plugins/packages/@umijs/plugin-prerender/test/src/index.js": {
    "path": "/Users/chencheng/Code/github.com/umijs/plugins/packages/@umijs/plugin-prerender/test/src/index.js",
    "statementMap": {
      "0": {
        "start": { "line": 3, "column": 15 },
        "end": { "line": 5, "column": 1 }
      },
      "1": {
        "start": { "line": 8, "column": 2 },
        "end": { "line": 13, "column": 4 }
      },
      "2": {
        "start": { "line": 16, "column": 0 },
        "end": { "line": 24, "column": 2 }
      },
      "3": {
        "start": { "line": 17, "column": 2 },
        "end": { "line": 17, "column": 38 }
      },
      "4": {
        "start": { "line": 18, "column": 2 },
        "end": { "line": 23, "column": 4 }
      }
    },
    "fnMap": {
      "0": {
        "name": "Page",
        "decl": {
          "start": { "line": 7, "column": 9 },
          "end": { "line": 7, "column": 13 }
        },
        "loc": {
          "start": { "line": 7, "column": 21 },
          "end": { "line": 14, "column": 1 }
        },
        "line": 7
      },
      "1": {
        "name": "(anonymous_1)",
        "decl": {
          "start": { "line": 16, "column": 23 },
          "end": { "line": 16, "column": 24 }
        },
        "loc": {
          "start": { "line": 16, "column": 29 },
          "end": { "line": 24, "column": 1 }
        },
        "line": 16
      }
    },
    "branchMap": {
      "0": {
        "loc": {
          "start": { "line": 11, "column": 16 },
          "end": { "line": 11, "column": 44 }
        },
        "type": "binary-expr",
        "locations": [
          {
            "start": { "line": 11, "column": 16 },
            "end": { "line": 11, "column": 26 }
          },
          {
            "start": { "line": 11, "column": 30 },
            "end": { "line": 11, "column": 44 }
          }
        ],
        "line": 11
      }
    },
    "s": { "0": 1, "1": 2, "2": 1, "3": 2, "4": 2 },
    "f": { "0": 2, "1": 2 },
    "b": { "0": [2, 2] },
    "_coverageSchema": "43e27e138ebf9cfc5966b082cf9a028302ed4184",
    "hash": "e2c85f5abd4cfe714e2bcd0a21d0022458134476"
  },
  "/Users/chencheng/Code/github.com/umijs/plugins/packages/@umijs/plugin-prerender/test/src/users.js": {
    "path": "/Users/chencheng/Code/github.com/umijs/plugins/packages/@umijs/plugin-prerender/test/src/users.js",
    "statementMap": {
      "0": {
        "start": { "line": 2, "column": 15 },
        "end": { "line": 4, "column": 1 }
      },
      "1": {
        "start": { "line": 7, "column": 2 },
        "end": { "line": 17, "column": 4 }
      },
      "2": {
        "start": { "line": 13, "column": 10 },
        "end": { "line": 13, "column": 36 }
      },
      "3": {
        "start": { "line": 20, "column": 0 },
        "end": { "line": 25, "column": 2 }
      },
      "4": {
        "start": { "line": 21, "column": 2 },
        "end": { "line": 21, "column": 39 }
      },
      "5": {
        "start": { "line": 22, "column": 2 },
        "end": { "line": 24, "column": 4 }
      }
    },
    "fnMap": {
      "0": {
        "name": "Page",
        "decl": {
          "start": { "line": 6, "column": 9 },
          "end": { "line": 6, "column": 13 }
        },
        "loc": {
          "start": { "line": 6, "column": 21 },
          "end": { "line": 18, "column": 1 }
        },
        "line": 6
      },
      "1": {
        "name": "(anonymous_1)",
        "decl": {
          "start": { "line": 12, "column": 32 },
          "end": { "line": 12, "column": 33 }
        },
        "loc": {
          "start": { "line": 13, "column": 10 },
          "end": { "line": 13, "column": 36 }
        },
        "line": 13
      },
      "2": {
        "name": "(anonymous_2)",
        "decl": {
          "start": { "line": 20, "column": 23 },
          "end": { "line": 20, "column": 24 }
        },
        "loc": {
          "start": { "line": 20, "column": 29 },
          "end": { "line": 25, "column": 1 }
        },
        "line": 20
      }
    },
    "branchMap": {
      "0": {
        "loc": {
          "start": { "line": 12, "column": 10 },
          "end": { "line": 12, "column": 26 }
        },
        "type": "binary-expr",
        "locations": [
          {
            "start": { "line": 12, "column": 10 },
            "end": { "line": 12, "column": 20 }
          },
          {
            "start": { "line": 12, "column": 24 },
            "end": { "line": 12, "column": 26 }
          }
        ],
        "line": 12
      }
    },
    "s": { "0": 1, "1": 1, "2": 2, "3": 1, "4": 1, "5": 1 },
    "f": { "0": 1, "1": 2, "2": 1 },
    "b": { "0": [1, 0] },
    "_coverageSchema": "43e27e138ebf9cfc5966b082cf9a028302ed4184",
    "hash": "6b8e8a10cd4d274fead1578895f5e858e893216a"
  }
}
