TN:
SF:/Users/chencheng/Code/github.com/umijs/plugins/packages/@umijs/plugin-prerender/src/index.ts
FN:7,(anonymous_0)
FN:9,(anonymous_1)
FN:30,(anonymous_2)
FN:38,(anonymous_3)
FN:47,(anonymous_4)
FN:62,(anonymous_5)
FNF:6
FNH:6
FNDA:6,(anonymous_0)
FNDA:10,(anonymous_1)
FNDA:2,(anonymous_2)
FNDA:3,(anonymous_3)
FNDA:2,(anonymous_4)
FNDA:4,(anonymous_5)
DA:7,1
DA:8,6
DA:11,10
DA:12,9
DA:13,9
DA:14,3
DA:17,10
DA:30,1
DA:31,2
DA:32,2
DA:33,2
DA:34,2
DA:35,2
DA:39,3
DA:40,3
DA:41,3
DA:42,3
DA:43,1
DA:47,2
DA:48,2
DA:50,2
DA:53,2
DA:54,2
DA:55,0
DA:57,2
DA:59,2
DA:62,4
DA:63,2
DA:65,2
DA:66,3
DA:76,3
DA:77,3
DA:78,3
DA:79,3
DA:81,3
DA:82,3
DA:83,3
LF:37
LH:36
BRDA:11,0,0,9
BRDA:11,0,1,1
BRDA:11,1,0,10
BRDA:11,1,1,10
BRDA:13,2,0,3
BRDA:13,2,1,6
BRDA:40,3,0,2
BRDA:40,4,0,3
BRDA:40,4,1,2
BRDA:42,5,0,1
BRDA:42,5,1,2
BRDA:54,6,0,0
BRDA:54,6,1,2
BRF:13
BRH:12
end_of_record
TN:
SF:/Users/chencheng/Code/github.com/umijs/plugins/packages/@umijs/plugin-prerender/test/examples/umi.server.js
FN:5,(anonymous_0)
FN:13,(anonymous_1)
FNF:2
FNH:2
FNDA:3,(anonymous_0)
FNDA:3,(anonymous_1)
DA:5,1
DA:6,3
DA:10,3
DA:13,1
DA:14,3
DA:15,3
DA:16,3
DA:17,3
DA:18,3
DA:20,3
DA:25,1
LF:11
LH:11
BRDA:15,0,0,3
BRDA:15,0,1,0
BRDA:17,1,0,3
BRDA:17,1,1,0
BRDA:17,2,0,3
BRDA:17,2,1,3
BRF:6
BRH:4
end_of_record
TN:
SF:/Users/chencheng/Code/github.com/umijs/plugins/packages/@umijs/plugin-prerender/test/src/index.js
FN:7,Page
FN:16,(anonymous_1)
FNF:2
FNH:2
FNDA:2,Page
FNDA:2,(anonymous_1)
DA:3,1
DA:8,2
DA:16,1
DA:17,2
DA:18,2
LF:5
LH:5
BRDA:11,0,0,2
BRDA:11,0,1,2
BRF:2
BRH:2
end_of_record
TN:
SF:/Users/chencheng/Code/github.com/umijs/plugins/packages/@umijs/plugin-prerender/test/src/users.js
FN:6,Page
FN:12,(anonymous_1)
FN:20,(anonymous_2)
FNF:3
FNH:3
FNDA:1,Page
FNDA:2,(anonymous_1)
FNDA:1,(anonymous_2)
DA:2,1
DA:7,1
DA:13,2
DA:20,1
DA:21,1
DA:22,1
LF:6
LH:6
BRDA:12,0,0,1
BRDA:12,0,1,0
BRF:2
BRH:1
end_of_record
